STEP 1: FROM nvcr.io/nvidia/pytorch:19.05-py3
STEP 2: RUN apt-get update && apt-get install -y --no-install-recommends         infiniband-diags         pciutils &&     rm -rf /var/lib/apt/lists/*
--> Using cache 8d8e7c01c78e4dfd78f33125fa004517d8f9f479c5ee54e6dcd45ac1ed0173a5
STEP 3: WORKDIR /workspace/rnn_translator
--> Using cache a22637c7981cb706c35e01a9e3ffea9d0b17fd79e721f00963a4fde2d9c3237a
STEP 4: COPY requirements.txt .
9c84581eedd8276f19db49832a01efe32c46ebd5f88375e908129ba5c98100d1
STEP 5: RUN pip install --no-cache-dir https://github.com/mlperf/training/archive/6289993e1e9f0f5c4534336df83ff199bd0cdb75.zip#subdirectory=compliance  && pip install --no-cache-dir -r requirements.txt
Collecting https://github.com/mlperf/training/archive/6289993e1e9f0f5c4534336df83ff199bd0cdb75.zip#subdirectory=compliance
  Downloading https://github.com/mlperf/training/archive/6289993e1e9f0f5c4534336df83ff199bd0cdb75.zip
Building wheels for collected packages: mlperf-compliance
  Building wheel for mlperf-compliance (setup.py): started
  Building wheel for mlperf-compliance (setup.py): finished with status 'done'
  Stored in directory: /tmp/pip-ephem-wheel-cache-i7s3t0n8/wheels/9e/73/0a/3c481ccbda248a195828b8ea5173e83b8394051d8c40e08660
Successfully built mlperf-compliance
Installing collected packages: mlperf-compliance
  Found existing installation: mlperf-compliance 0.0.10
    Uninstalling mlperf-compliance-0.0.10:
      Successfully uninstalled mlperf-compliance-0.0.10
Successfully installed mlperf-compliance-0.6.0
Requirement already satisfied: mlperf-compliance==0.6.0 in /opt/conda/lib/python3.6/site-packages (from -r requirements.txt (line 1)) (0.6.0)
Requirement already satisfied: sacrebleu==1.2.10 in /opt/conda/lib/python3.6/site-packages (from -r requirements.txt (line 2)) (1.2.10)
Requirement already satisfied: typing in /opt/conda/lib/python3.6/site-packages (from sacrebleu==1.2.10->-r requirements.txt (line 2)) (3.6.6)
965375f9879506ca669c62528e72218657eca3e47c209a75bc7875716418bd82
STEP 6: COPY seq2seq/csrc seq2seq/csrc
93c6f2758b679f7d9ddd5ee0575d83333662dfa092001abe2782bd3c9a05e612
STEP 7: COPY setup.py .
27bd39d599d5b1ae4ec722f1597cdab07d4c4c86811408bd0c11e2ee257d7ea7
STEP 8: RUN pip install .
Processing /workspace/rnn_translator
Requirement already satisfied: mlperf-compliance==0.6.0 in /opt/conda/lib/python3.6/site-packages (from gnmt==0.6.0) (0.6.0)
Requirement already satisfied: sacrebleu==1.2.10 in /opt/conda/lib/python3.6/site-packages (from gnmt==0.6.0) (1.2.10)
Requirement already satisfied: typing in /opt/conda/lib/python3.6/site-packages (from sacrebleu==1.2.10->gnmt==0.6.0) (3.6.6)
Building wheels for collected packages: gnmt
  Building wheel for gnmt (setup.py): started
  Building wheel for gnmt (setup.py): finished with status 'done'
  Stored in directory: /tmp/pip-ephem-wheel-cache-_zxu4fsw/wheels/84/b6/f1/20addc378b275e39e227da5ee58c19f8e2433a88fd6e5fbf7b
Successfully built gnmt
Installing collected packages: gnmt
Successfully installed gnmt-0.6.0
e64eb5638c37fa73c618d8df7145750ccb16576950ca379f9ce296b639d9d0a4
STEP 9: COPY . .
1e3b6c1fc25e887ab011cf503008f08bcdd5b52b43735f0f6a7c7e82ea4b1df0
STEP 10: ENV LANG C.UTF-8
a7e0783600695b4ea979327a801aea1716a0f8441ca08ca6125f75e847f756f2
STEP 11: ENV LC_ALL C.UTF-8
STEP 12: COMMIT ngc_gnmt
c7d517dc70929ac7e0c438cd83b64accdcff04c5e5e9527d54105cd210811ba4
